<?xml version="1.0" encoding="UTF-8"?>
<testng-results skipped="0" failed="0" ignored="0" total="2" passed="2">
  <reporter-output>
  </reporter-output>
  <suite name="Default suite" duration-ms="1050" started-at="2019-09-20T09:06:41Z" finished-at="2019-09-20T09:06:42Z">
    <groups>
    </groups>
    <test name="Default test" duration-ms="1050" started-at="2019-09-20T09:06:41Z" finished-at="2019-09-20T09:06:42Z">
      <class name="org.atmecs.practo.testscripts.TestScripts">
        <test-method status="PASS" signature="testngExample(java.lang.String, java.lang.String, java.lang.String, java.lang.String, java.lang.String, java.lang.String, java.lang.String, java.lang.String, java.lang.String)[pri:0, instance:org.atmecs.practo.testscripts.TestScripts@604ed9f0]" name="testngExample" duration-ms="15" started-at="2019-09-20T09:06:42Z" data-provider="sample" finished-at="2019-09-20T09:06:42Z">
          <params>
            <param index="0">
              <value>
                <![CDATA[B-Protin Powder Chocolate 200 g]]>
              </value>
            </param>
            <param index="1">
              <value>
                <![CDATA[1]]>
              </value>
            </param>
            <param index="2">
              <value>
                <![CDATA[229]]>
              </value>
            </param>
            <param index="3">
              <value>
                <![CDATA[Apollo Pharmacy Slim Choice Shake Strawberry 500g]]>
              </value>
            </param>
            <param index="4">
              <value>
                <![CDATA[495]]>
              </value>
            </param>
            <param index="5">
              <value>
                <![CDATA[1]]>
              </value>
            </param>
            <param index="6">
              <value>
                <![CDATA[724]]>
              </value>
            </param>
            <param index="7">
              <value>
                <![CDATA[495]]>
              </value>
            </param>
            <param index="8">
              <value>
                <![CDATA[Apollo Pharmacy Slimchoice Shake Strawberry Flavour Powder]]>
              </value>
            </param>
          </params>
          <reporter-output>
          </reporter-output>
        </test-method> <!-- testngExample -->
        <test-method status="PASS" signature="testngExample(java.lang.String, java.lang.String, java.lang.String, java.lang.String, java.lang.String, java.lang.String, java.lang.String, java.lang.String, java.lang.String)[pri:0, instance:org.atmecs.practo.testscripts.TestScripts@6a4f787b]" name="testngExample" duration-ms="2" started-at="2019-09-20T09:06:42Z" data-provider="sample" finished-at="2019-09-20T09:06:42Z">
          <params>
            <param index="0">
              <value>
                <![CDATA[B-Protin Powder Chocolate 200 g]]>
              </value>
            </param>
            <param index="1">
              <value>
                <![CDATA[1]]>
              </value>
            </param>
            <param index="2">
              <value>
                <![CDATA[229]]>
              </value>
            </param>
            <param index="3">
              <value>
                <![CDATA[Apollo Pharmacy Slim Choice Shake Strawberry 500g]]>
              </value>
            </param>
            <param index="4">
              <value>
                <![CDATA[495]]>
              </value>
            </param>
            <param index="5">
              <value>
                <![CDATA[1]]>
              </value>
            </param>
            <param index="6">
              <value>
                <![CDATA[724]]>
              </value>
            </param>
            <param index="7">
              <value>
                <![CDATA[495]]>
              </value>
            </param>
            <param index="8">
              <value>
                <![CDATA[Apollo Pharmacy Slimchoice Shake Strawberry Flavour Powder]]>
              </value>
            </param>
          </params>
          <reporter-output>
          </reporter-output>
        </test-method> <!-- testngExample -->
      </class> <!-- org.atmecs.practo.testscripts.TestScripts -->
    </test> <!-- Default test -->
  </suite> <!-- Default suite -->
</testng-results>
